c:\users\admin\source\repos\anvil_internal\anvil_dll\debug\vc142.pdb
c:\users\admin\source\repos\anvil_internal\anvil_dll\debug\vc142.idb
c:\users\admin\source\repos\anvil_internal\anvil_dll\debug\vmthook.obj
c:\users\admin\source\repos\anvil_internal\anvil_dll\debug\hooks.obj
c:\users\admin\source\repos\anvil_internal\anvil_dll\debug\utility.obj
c:\users\admin\source\repos\anvil_internal\anvil_dll\debug\patternscaning.obj
c:\users\admin\source\repos\anvil_internal\anvil_dll\debug\vector.obj
c:\users\admin\source\repos\anvil_internal\anvil_dll\debug\interfaces.obj
c:\users\admin\source\repos\anvil_internal\anvil_dll\debug\main.obj
c:\users\admin\source\repos\anvil_internal\anvil_dll\debug\themes.obj
c:\users\admin\source\repos\anvil_internal\anvil_dll\debug\imgui_widgets.obj
c:\users\admin\source\repos\anvil_internal\anvil_dll\debug\imgui_impl_win32.obj
c:\users\admin\source\repos\anvil_internal\anvil_dll\debug\imgui_impl_dx9.obj
c:\users\admin\source\repos\anvil_internal\anvil_dll\debug\imgui_draw.obj
c:\users\admin\source\repos\anvil_internal\anvil_dll\debug\imgui_demo.obj
c:\users\admin\source\repos\anvil_internal\anvil_dll\debug\imgui.obj
c:\users\admin\source\repos\anvil_internal\anvil_dll\debug\gui.obj
c:\users\admin\source\repos\anvil_internal\anvil_dll\debug\bhop.obj
c:\users\admin\source\repos\anvil_internal\debug\anvil_dll.dll
c:\users\admin\source\repos\anvil_internal\debug\anvil_dll.ilk
c:\users\admin\source\repos\anvil_internal\debug\anvil_dll.pdb
c:\users\admin\source\repos\anvil_internal\anvil_dll\debug\anvil_dll.tlog\cl.command.1.tlog
c:\users\admin\source\repos\anvil_internal\anvil_dll\debug\anvil_dll.tlog\cl.read.1.tlog
c:\users\admin\source\repos\anvil_internal\anvil_dll\debug\anvil_dll.tlog\cl.write.1.tlog
c:\users\admin\source\repos\anvil_internal\anvil_dll\debug\anvil_dll.tlog\link.command.1.tlog
c:\users\admin\source\repos\anvil_internal\anvil_dll\debug\anvil_dll.tlog\link.read.1.tlog
c:\users\admin\source\repos\anvil_internal\anvil_dll\debug\anvil_dll.tlog\link.write.1.tlog
